[debug] [2022-10-25T06:41:20.548Z] ----------------------------------------------------------------------
[debug] [2022-10-25T06:41:20.550Z] Command:       C:\Program Files\nodejs\node.exe C:\Users\SOFIA\AppData\Roaming\npm\node_modules\firebase-tools\lib\bin\firebase.js init
[debug] [2022-10-25T06:41:20.551Z] CLI Version:   11.15.0
[debug] [2022-10-25T06:41:20.551Z] Platform:      win32
[debug] [2022-10-25T06:41:20.551Z] Node Version:  v18.11.0
[debug] [2022-10-25T06:41:20.552Z] Time:          Tue Oct 25 2022 03:41:20 GMT-0300 (hora estándar de Argentina)
[debug] [2022-10-25T06:41:20.553Z] ----------------------------------------------------------------------
[debug] 
[debug] [2022-10-25T06:41:20.632Z] > command requires scopes: ["email","openid","https://www.googleapis.com/auth/cloudplatformprojects.readonly","https://www.googleapis.com/auth/firebase","https://www.googleapis.com/auth/cloud-platform"]
[debug] [2022-10-25T06:41:20.633Z] > authorizing via signed-in user (sofiamarancibia@gmail.com)
[info] 
     ######## #### ########  ######## ########     ###     ######  ########
     ##        ##  ##     ## ##       ##     ##  ##   ##  ##       ##
     ######    ##  ########  ######   ########  #########  ######  ######
     ##        ##  ##    ##  ##       ##     ## ##     ##       ## ##
     ##       #### ##     ## ######## ########  ##     ##  ######  ########

You're about to initialize a Firebase project in this directory:

  C:\sof\pfsof\pfsof\frontend

Before we get started, keep in mind:

  * You are currently outside your home directory
  * You are initializing within an existing Firebase project directory

[info] 
=== Project Setup
[info] 
[info] First, let's associate this project directory with a Firebase project.
[info] You can create multiple project aliases by running firebase use --add, 
[info] but for now we'll just set up a default project.
[info] 
[debug] [2022-10-25T06:41:44.751Z] Using project from CLI flag: frontendsof
[debug] [2022-10-25T06:41:44.753Z] >>> [apiv2][query] GET https://firebase.googleapis.com/v1beta1/projects/frontendsof [none]
[debug] [2022-10-25T06:41:45.360Z] <<< [apiv2][status] GET https://firebase.googleapis.com/v1beta1/projects/frontendsof 200
[debug] [2022-10-25T06:41:45.360Z] <<< [apiv2][body] GET https://firebase.googleapis.com/v1beta1/projects/frontendsof {"projectId":"frontendsof","projectNumber":"160780518575","displayName":"frontendsof","name":"projects/frontendsof","resources":{"hostingSite":"frontendsof"},"state":"ACTIVE","etag":"1_9e16711a-01c3-4f99-8102-82cac9eaa204"}
[info] i  Using project frontendsof (frontendsof) 
[info] 
=== Hosting Setup
[info] 
[info] Your public directory is the folder (relative to your project directory) that
[info] will contain Hosting assets to be uploaded with firebase deploy. If you
[info] have a build process for your assets, use your build's output directory.
[info] 
